Base path: C:/Program Files (x86)/Unity/Editor/Data
Pipe name: \\.\pipe\UnityShaderCompiler-1-3692
Cmd: getPlatforms
Cmd: preprocess
  insize=1584 outsize=2245 ok=1
Cmd: preprocess
  insize=1423 outsize=2190 ok=1
Cmd: preprocess
  insize=2965 outsize=1659 ok=1
Cmd: compileSnippet
  api=1 type=0 insize=1612 outsize=422 kw= ok=1
Cmd: compileSnippet
  api=1 type=1 insize=1612 outsize=626 kw= ok=1
Cmd: preprocess
  insize=683 outsize=683 ok=1
Cmd: preprocess
  insize=717 outsize=717 ok=1
Cmd: preprocess
  insize=1725 outsize=1007 ok=1
Cmd: compileSnippet
  api=1 type=0 insize=1020 outsize=171 kw= ok=1
Cmd: compileSnippet
  api=1 type=1 insize=1020 outsize=141 kw= ok=1
